<?xml version="1.0" encoding="UTF-8"?>
<!-- Generated by org.testng.reporters.JUnitXMLReporter -->
<testsuite ignored="1" hostname="Padam-PC" failures="0" tests="1" name="Default test" time="0.384" errors="0" timestamp="2021-04-03T11:39:51 IST">
  <testcase classname="qatestproject.Mavenjava.RestApiTest" name="deleteTwitter" time="0.062"/>
  <testcase classname="qatestproject.Mavenjava.RestApiTest" name="postJira" time="0.0">
    <ignored/>
  </testcase> <!-- postJira -->
</testsuite> <!-- Default test -->
