<?xml version="1.0" encoding="UTF-8"?>
<!-- Generated by org.testng.reporters.JUnitXMLReporter -->
<testsuite ignored="0" hostname="Padam-PC" failures="0" tests="6" name="Command line test" time="0.343" errors="0" timestamp="2021-04-05T17:17:39 IST">
  <testcase classname="qatestproject.Mavenjava.AppiunTest" name="IosApp" time="0.041"/>
  <testcase classname="qatestproject.Mavenjava.AppiunTest" name="NativeAppAndroid" time="0.001"/>
  <testcase classname="qatestproject.Mavenjava.RestApiTest" name="deleteTwitter" time="0.002"/>
  <testcase classname="qatestproject.Mavenjava.RestApiTest" name="postJira" time="0.001"/>
  <testcase classname="qatestproject.Mavenjava.Se4leniumTest" name="BrowserAutomation" time="0.002"/>
  <testcase classname="qatestproject.Mavenjava.Se4leniumTest" name="elementui" time="0.001"/>
</testsuite> <!-- Command line test -->
