<?xml version="1.0" encoding="UTF-8"?>
<!-- Generated by org.testng.reporters.JUnitXMLReporter -->
<testsuite ignored="0" hostname="Padam-PC" failures="0" tests="4" name="Test" time="0.122" errors="0" timestamp="2021-04-05T17:21:06 IST">
  <testcase classname="qatestproject.Mavenjava.RestApiTest" name="deleteTwitter" time="0.01"/>
  <testcase classname="qatestproject.Mavenjava.RestApiTest" name="postJira" time="0.001"/>
  <testcase classname="qatestproject.Mavenjava.AppiunTest" name="IosApp" time="0.0"/>
  <testcase classname="qatestproject.Mavenjava.AppiunTest" name="NativeAppAndroid" time="0.0"/>
</testsuite> <!-- Test -->
