<?xml version="1.0" encoding="UTF-8"?>
<testng-results ignored="0" total="4" passed="4" failed="0" skipped="0">
  <reporter-output>
  </reporter-output>
  <suite started-at="2021-04-05T17:21:06 IST" name="Suite" finished-at="2021-04-05T17:21:06 IST" duration-ms="122">
    <groups>
    </groups>
    <test started-at="2021-04-05T17:21:06 IST" name="Test" finished-at="2021-04-05T17:21:06 IST" duration-ms="122">
      <class name="qatestproject.Mavenjava.RestApiTest">
        <test-method signature="deleteTwitter()[pri:0, instance:qatestproject.Mavenjava.RestApiTest@306f16f3]" started-at="2021-04-05T17:21:06 IST" name="deleteTwitter" finished-at="2021-04-05T17:21:06 IST" duration-ms="10" status="PASS">
          <reporter-output>
          </reporter-output>
        </test-method> <!-- deleteTwitter -->
        <test-method signature="postJira()[pri:0, instance:qatestproject.Mavenjava.RestApiTest@306f16f3]" started-at="2021-04-05T17:21:06 IST" name="postJira" finished-at="2021-04-05T17:21:06 IST" duration-ms="1" status="PASS">
          <reporter-output>
          </reporter-output>
        </test-method> <!-- postJira -->
      </class> <!-- qatestproject.Mavenjava.RestApiTest -->
      <class name="qatestproject.Mavenjava.AppiunTest">
        <test-method signature="IosApp()[pri:0, instance:qatestproject.Mavenjava.AppiunTest@33990a0c]" started-at="2021-04-05T17:21:06 IST" name="IosApp" finished-at="2021-04-05T17:21:06 IST" duration-ms="0" status="PASS">
          <reporter-output>
          </reporter-output>
        </test-method> <!-- IosApp -->
        <test-method signature="NativeAppAndroid()[pri:0, instance:qatestproject.Mavenjava.AppiunTest@33990a0c]" started-at="2021-04-05T17:21:06 IST" name="NativeAppAndroid" finished-at="2021-04-05T17:21:06 IST" duration-ms="0" status="PASS">
          <reporter-output>
          </reporter-output>
        </test-method> <!-- NativeAppAndroid -->
      </class> <!-- qatestproject.Mavenjava.AppiunTest -->
    </test> <!-- Test -->
  </suite> <!-- Suite -->
</testng-results>
