<?xml version="1.0" encoding="UTF-8"?>
<testng-results ignored="1" total="2" passed="1" failed="0" skipped="0">
  <reporter-output>
  </reporter-output>
  <suite started-at="2021-04-03T11:39:50 IST" name="Default suite" finished-at="2021-04-03T11:39:51 IST" duration-ms="384">
    <groups>
    </groups>
    <test started-at="2021-04-03T11:39:50 IST" name="Default test" finished-at="2021-04-03T11:39:51 IST" duration-ms="384">
      <class name="qatestproject.Mavenjava.RestApiTest">
        <test-method signature="deleteTwitter()[pri:0, instance:qatestproject.Mavenjava.RestApiTest@68e965f5]" started-at="2021-04-03T11:39:50 IST" name="deleteTwitter" finished-at="2021-04-03T11:39:51 IST" duration-ms="62" status="PASS">
          <reporter-output>
          </reporter-output>
        </test-method> <!-- deleteTwitter -->
      </class> <!-- qatestproject.Mavenjava.RestApiTest -->
    </test> <!-- Default test -->
  </suite> <!-- Default suite -->
</testng-results>
